<?xml version="1.0" encoding="UTF-8"?>
<testsuite xmlns:xsi="http://www.w3.org/2001/XMLSchema-instance" xsi:noNamespaceSchemaLocation="https://maven.apache.org/surefire/maven-surefire-plugin/xsd/surefire-test-report.xsd" version="3.0.2" name="edu.hm.hafner.java2.assignment1.ArchitectureTest" time="2.904" tests="10" errors="0" skipped="0" failures="0">
  <properties>
    <property name="asciidoctor.skip" value="true"/>
    <property name="java.specification.version" value="21"/>
    <property name="git.build.version" value="2025-S-SNAPSHOT"/>
    <property name="sun.jnu.encoding" value="UTF-8"/>
    <property name="java.class.path" value="/Users/hafner/git/hm/java2-assignment1/target/test-classes:/Users/hafner/git/hm/java2-assignment1/target/classes:/Users/hafner/.m2/repository/edu/hm/hafner/codingstyle/5.8.0/codingstyle-5.8.0.jar:/Users/hafner/.m2/repository/com/github/spotbugs/spotbugs-annotations/4.9.1/spotbugs-annotations-4.9.1.jar:/Users/hafner/.m2/repository/com/google/errorprone/error_prone_annotations/2.36.0/error_prone_annotations-2.36.0.jar:/Users/hafner/.m2/repository/org/apache/commons/commons-lang3/3.17.0/commons-lang3-3.17.0.jar:/Users/hafner/.m2/repository/commons-io/commons-io/2.18.0/commons-io-2.18.0.jar:/Users/hafner/.m2/repository/one/util/streamex/0.8.3/streamex-0.8.3.jar:/Users/hafner/.m2/repository/nl/jqno/equalsverifier/equalsverifier/3.19.1/equalsverifier-3.19.1.jar:/Users/hafner/.m2/repository/org/objenesis/objenesis/3.4/objenesis-3.4.jar:/Users/hafner/.m2/repository/net/bytebuddy/byte-buddy/1.17.2/byte-buddy-1.17.2.jar:/Users/hafner/.m2/repository/org/junit/jupiter/junit-jupiter/5.11.4/junit-jupiter-5.11.4.jar:/Users/hafner/.m2/repository/org/junit/jupiter/junit-jupiter-api/5.11.4/junit-jupiter-api-5.11.4.jar:/Users/hafner/.m2/repository/org/opentest4j/opentest4j/1.3.0/opentest4j-1.3.0.jar:/Users/hafner/.m2/repository/org/junit/platform/junit-platform-commons/1.11.4/junit-platform-commons-1.11.4.jar:/Users/hafner/.m2/repository/org/apiguardian/apiguardian-api/1.1.2/apiguardian-api-1.1.2.jar:/Users/hafner/.m2/repository/org/junit/jupiter/junit-jupiter-params/5.11.4/junit-jupiter-params-5.11.4.jar:/Users/hafner/.m2/repository/org/junit/jupiter/junit-jupiter-engine/5.11.4/junit-jupiter-engine-5.11.4.jar:/Users/hafner/.m2/repository/org/junit/platform/junit-platform-engine/1.11.4/junit-platform-engine-1.11.4.jar:/Users/hafner/.m2/repository/org/junit-pioneer/junit-pioneer/2.3.0/junit-pioneer-2.3.0.jar:/Users/hafner/.m2/repository/org/junit/platform/junit-platform-launcher/1.11.4/junit-platform-launcher-1.11.4.jar:/Users/hafner/.m2/repository/org/mockito/mockito-core/5.16.0/mockito-core-5.16.0.jar:/Users/hafner/.m2/repository/net/bytebuddy/byte-buddy-agent/1.15.11/byte-buddy-agent-1.15.11.jar:/Users/hafner/.m2/repository/org/assertj/assertj-core/3.27.3/assertj-core-3.27.3.jar:/Users/hafner/.m2/repository/com/tngtech/archunit/archunit-junit5/1.4.0/archunit-junit5-1.4.0.jar:/Users/hafner/.m2/repository/com/tngtech/archunit/archunit-junit5-api/1.4.0/archunit-junit5-api-1.4.0.jar:/Users/hafner/.m2/repository/com/tngtech/archunit/archunit/1.4.0/archunit-1.4.0.jar:/Users/hafner/.m2/repository/com/tngtech/archunit/archunit-junit5-engine/1.4.0/archunit-junit5-engine-1.4.0.jar:/Users/hafner/.m2/repository/com/tngtech/archunit/archunit-junit5-engine-api/1.4.0/archunit-junit5-engine-api-1.4.0.jar:/Users/hafner/.m2/repository/org/slf4j/slf4j-simple/2.0.17/slf4j-simple-2.0.17.jar:/Users/hafner/.m2/repository/org/slf4j/slf4j-api/2.0.17/slf4j-api-2.0.17.jar:/Users/hafner/.m2/repository/edu/hm/hafner/codingstyle/5.8.0/codingstyle-5.8.0-tests.jar:"/>
    <property name="java.vm.vendor" value="Eclipse Adoptium"/>
    <property name="sun.arch.data.model" value="64"/>
    <property name="java.vendor.url" value="https://adoptium.net/"/>
    <property name="os.name" value="Mac OS X"/>
    <property name="java.vm.specification.version" value="21"/>
    <property name="sun.java.launcher" value="SUN_STANDARD"/>
    <property name="user.country" value="DE"/>
    <property name="sun.boot.library.path" value="/Library/Java/JavaVirtualMachines/temurin-21.jdk/Contents/Home/lib"/>
    <property name="sun.java.command" value="/Users/hafner/git/hm/java2-assignment1/target/surefire/surefirebooter-20250311224721003_3.jar /Users/hafner/git/hm/java2-assignment1/target/surefire 2025-03-11T22-47-20_867-jvmRun1 surefire-20250311224721003_1tmp surefire_0-20250311224721003_2tmp"/>
    <property name="jdk.debug" value="release"/>
    <property name="surefire.test.class.path" value="/Users/hafner/git/hm/java2-assignment1/target/test-classes:/Users/hafner/git/hm/java2-assignment1/target/classes:/Users/hafner/.m2/repository/edu/hm/hafner/codingstyle/5.8.0/codingstyle-5.8.0.jar:/Users/hafner/.m2/repository/com/github/spotbugs/spotbugs-annotations/4.9.1/spotbugs-annotations-4.9.1.jar:/Users/hafner/.m2/repository/com/google/errorprone/error_prone_annotations/2.36.0/error_prone_annotations-2.36.0.jar:/Users/hafner/.m2/repository/org/apache/commons/commons-lang3/3.17.0/commons-lang3-3.17.0.jar:/Users/hafner/.m2/repository/commons-io/commons-io/2.18.0/commons-io-2.18.0.jar:/Users/hafner/.m2/repository/one/util/streamex/0.8.3/streamex-0.8.3.jar:/Users/hafner/.m2/repository/nl/jqno/equalsverifier/equalsverifier/3.19.1/equalsverifier-3.19.1.jar:/Users/hafner/.m2/repository/org/objenesis/objenesis/3.4/objenesis-3.4.jar:/Users/hafner/.m2/repository/net/bytebuddy/byte-buddy/1.17.2/byte-buddy-1.17.2.jar:/Users/hafner/.m2/repository/org/junit/jupiter/junit-jupiter/5.11.4/junit-jupiter-5.11.4.jar:/Users/hafner/.m2/repository/org/junit/jupiter/junit-jupiter-api/5.11.4/junit-jupiter-api-5.11.4.jar:/Users/hafner/.m2/repository/org/opentest4j/opentest4j/1.3.0/opentest4j-1.3.0.jar:/Users/hafner/.m2/repository/org/junit/platform/junit-platform-commons/1.11.4/junit-platform-commons-1.11.4.jar:/Users/hafner/.m2/repository/org/apiguardian/apiguardian-api/1.1.2/apiguardian-api-1.1.2.jar:/Users/hafner/.m2/repository/org/junit/jupiter/junit-jupiter-params/5.11.4/junit-jupiter-params-5.11.4.jar:/Users/hafner/.m2/repository/org/junit/jupiter/junit-jupiter-engine/5.11.4/junit-jupiter-engine-5.11.4.jar:/Users/hafner/.m2/repository/org/junit/platform/junit-platform-engine/1.11.4/junit-platform-engine-1.11.4.jar:/Users/hafner/.m2/repository/org/junit-pioneer/junit-pioneer/2.3.0/junit-pioneer-2.3.0.jar:/Users/hafner/.m2/repository/org/junit/platform/junit-platform-launcher/1.11.4/junit-platform-launcher-1.11.4.jar:/Users/hafner/.m2/repository/org/mockito/mockito-core/5.16.0/mockito-core-5.16.0.jar:/Users/hafner/.m2/repository/net/bytebuddy/byte-buddy-agent/1.15.11/byte-buddy-agent-1.15.11.jar:/Users/hafner/.m2/repository/org/assertj/assertj-core/3.27.3/assertj-core-3.27.3.jar:/Users/hafner/.m2/repository/com/tngtech/archunit/archunit-junit5/1.4.0/archunit-junit5-1.4.0.jar:/Users/hafner/.m2/repository/com/tngtech/archunit/archunit-junit5-api/1.4.0/archunit-junit5-api-1.4.0.jar:/Users/hafner/.m2/repository/com/tngtech/archunit/archunit/1.4.0/archunit-1.4.0.jar:/Users/hafner/.m2/repository/com/tngtech/archunit/archunit-junit5-engine/1.4.0/archunit-junit5-engine-1.4.0.jar:/Users/hafner/.m2/repository/com/tngtech/archunit/archunit-junit5-engine-api/1.4.0/archunit-junit5-engine-api-1.4.0.jar:/Users/hafner/.m2/repository/org/slf4j/slf4j-simple/2.0.17/slf4j-simple-2.0.17.jar:/Users/hafner/.m2/repository/org/slf4j/slf4j-api/2.0.17/slf4j-api-2.0.17.jar:/Users/hafner/.m2/repository/edu/hm/hafner/codingstyle/5.8.0/codingstyle-5.8.0-tests.jar:"/>
    <property name="sun.cpu.endian" value="little"/>
    <property name="user.home" value="/Users/hafner"/>
    <property name="user.language" value="de"/>
    <property name="java.specification.vendor" value="Oracle Corporation"/>
    <property name="java.version.date" value="2025-01-21"/>
    <property name="java.home" value="/Library/Java/JavaVirtualMachines/temurin-21.jdk/Contents/Home"/>
    <property name="file.separator" value="/"/>
    <property name="basedir" value="/Users/hafner/git/hm/java2-assignment1"/>
    <property name="java.vm.compressedOopsMode" value="Zero based"/>
    <property name="line.separator" value="&#10;"/>
    <property name="java.vm.specification.vendor" value="Oracle Corporation"/>
    <property name="java.specification.name" value="Java Platform API Specification"/>
    <property name="git.commit.id.full" value="ae3cd28a0db60fd46a320482e97d6db8f11fd292"/>
    <property name="apple.awt.application.name" value="ForkedBooter"/>
    <property name="git.build.time" value="2025-03-11T22:47:11+01:00"/>
    <property name="surefire.real.class.path" value="/Users/hafner/git/hm/java2-assignment1/target/surefire/surefirebooter-20250311224721003_3.jar"/>
    <property name="java.util.logging.config.file" value="logging.properties"/>
    <property name="sun.management.compiler" value="HotSpot 64-Bit Tiered Compilers"/>
    <property name="java.runtime.version" value="21.0.6+7-LTS"/>
    <property name="user.name" value="hafner"/>
    <property name="stdout.encoding" value="UTF-8"/>
    <property name="path.separator" value=":"/>
    <property name="os.version" value="15.3.1"/>
    <property name="java.runtime.name" value="OpenJDK Runtime Environment"/>
    <property name="file.encoding" value="UTF-8"/>
    <property name="java.vm.name" value="OpenJDK 64-Bit Server VM"/>
    <property name="java.vendor.version" value="Temurin-21.0.6+7"/>
    <property name="localRepository" value="/Users/hafner/.m2/repository"/>
    <property name="java.vendor.url.bug" value="https://github.com/adoptium/adoptium-support/issues"/>
    <property name="java.io.tmpdir" value="/var/folders/pg/qr8ry2kd4qjc151jhq9ksgx00000gn/T/"/>
    <property name="java.version" value="21.0.6"/>
    <property name="user.dir" value="/Users/hafner/git/hm/java2-assignment1"/>
    <property name="os.arch" value="x86_64"/>
    <property name="git.commit.id.abbrev" value="ae3cd28"/>
    <property name="java.vm.specification.name" value="Java Virtual Machine Specification"/>
    <property name="native.encoding" value="UTF-8"/>
    <property name="java.library.path" value="/Users/hafner/Library/Java/Extensions:/Library/Java/Extensions:/Network/Library/Java/Extensions:/System/Library/Java/Extensions:/usr/lib/java:."/>
    <property name="java.vm.info" value="mixed mode"/>
    <property name="stderr.encoding" value="UTF-8"/>
    <property name="java.vendor" value="Eclipse Adoptium"/>
    <property name="java.vm.version" value="21.0.6+7-LTS"/>
    <property name="sun.io.unicode.encoding" value="UnicodeBig"/>
    <property name="java.class.version" value="65.0"/>
  </properties>
  <testcase name="NO_FIELDS_IN_TESTS" classname="ArchitectureTest" time="2.841">
    <system-err><![CDATA[[main] INFO com.tngtech.archunit.core.PluginLoader - Detected Java version 21.0.6
]]></system-err>
  </testcase>
  <testcase name="NO_PUBLIC_TEST_CLASSES" classname="ArchitectureTest" time="0.001"/>
  <testcase name="ONLY_PACKAGE_PRIVATE_TEST_METHODS" classname="ArchitectureTest" time="0.007"/>
  <testcase name="ONLY_PACKAGE_PRIVATE_ARCHITECTURE_TESTS" classname="ArchitectureTest" time="0.001"/>
  <testcase name="NO_TEST_API_CALLED" classname="ArchitectureTest" time="0.012"/>
  <testcase name="NO_FORBIDDEN_PACKAGE_ACCESSED" classname="ArchitectureTest" time="0.032"/>
  <testcase name="NO_FORBIDDEN_CLASSES_CALLED" classname="ArchitectureTest" time="0.002"/>
  <testcase name="NO_FORBIDDEN_ANNOTATION_USED" classname="ArchitectureTest" time="0.005"/>
  <testcase name="NO_EXCEPTIONS_WITH_NO_ARG_CONSTRUCTOR" classname="ArchitectureTest" time="0.001"/>
  <testcase name="READ_RESOLVE_SHOULD_BE_PROTECTED" classname="ArchitectureTest" time="0.0"/>
</testsuite>